|SourceProjectName:SICE.hpr
|DestinationProjectName:SICE.htm
whhost.js
whmsg.js
whmozemu.js
whproxy.js
whstub.js
whutils.js
whver.js
whform.js
whphost.js
whstart.js
whtopic.js
whframes.js
whlang.js
whskin_info.htm
whskin_blank.htm
whskin_pickup.htm
whskin_homepage.htm
whskin_tw.htm
whnjs.htm
whthost.js
whtdhtml.htm
whihost.js
whibody.htm
whiform.htm
whfhost.js
whfbody.htm
whfform.htm
whghost.js
whgbody.htm
whgdhtml.htm
whgdef.htm
whproj.js
whproj.xml
whproj.htm
whxdata\whtoc.xml
whxdata\whidx.xml
whxdata\whfts.xml
whxdata\whglo.xml
whdata\whtoc.js
whdata\whtoc.htm
whdata\whtdata.js
whdata\whidx.js
whdata\whidx.htm
whdata\whidata.js
whdata\whfts.js
whdata\whfts.htm
whdata\whglo.js
whdata\whglo.htm
whdata\whgdata.js
whdata\whftdata.js
whdata\whfwdata.js
whres.xml
WebHelp.jar
WebHelp.cab
cshdat_robohelp.htm
wht_tab0.gif
wht_tab1.gif
wht_tab2.gif
wht_tab3.gif
wht_tab4.gif
wht_tab5.gif
wht_tab6.gif
wht_tab7.gif
wht_tab8.gif
wht_glo_h.gif
wht_glo_n.gif
wht_fts_h.gif
wht_fts_n.gif
wht_idx_h.gif
wht_idx_n.gif
wht_toc_h.gif
wht_toc_n.gif
wht_ws.gif
wht_ws_g.gif
wht_logo1.gif
wht_logo2.gif
wht_abgw.jpg
wht_abgi.jpg
wht_abge.jpg
wht_abtw.jpg
wht_abte.jpg
wht_abti.jpg
wht_spac.gif
wht_next.gif
wht_next_g.gif
wht_prev.gif
wht_prev_g.gif
wht_sync.gif
wht_hide.gif
wht_go.gif
whstart.ico
whestart.ico
whrstart.ico
whidhtml.htm
whfdhtml.htm
whskin_banner.htm
whtbar.js
whskin_pdhtml.htm
whskin_papplet.htm
whskin_plist.htm
whskin_tbars.htm
whskin_mbars.htm
wht_toc4.gif
wht_toc1.gif
wht_toc2.gif
wht_toc3.gif
whskin_frmset010.htm
whst_topics.xml
whskin_frmset01.htm
whskin_ep_ins.xml
whskin_ep_start.htm
SICE_hha.hhk
SICE.hhc
SICE.hhk
1.1_Liberar_senha.htm
1.2_Alterar_senha.htm
1._Acesso_P_blico.htm
2.1.1_Desativar_Configura__o.htm
2.1.2_Visualizar_Configura__o.htm
2.1.3_Cadastrar_Configura__o.htm
2.1_Configura__o.htm
2.2.1_Cadastrar_Per_odo_de_Vincula__o.htm
2.2.2_Pesquisar_Per_odo_de_Vincula__o.htm
2.2.3_Excluir_Per_odo_de_Vincula__o.htm
2.3.1_Cadastrar_M_dulos.htm
2.3.2_Pesquisar_M_dulos.htm
2.3.3_Visualizar_M_dulos.htm
2.3.4_Editar_M_dulos.htm
2.3.5_Excluir_M_dulo.htm
2.4.1_Cadastrar_Curso.htm
2.4.2_Pesquisar_Curso.htm
2.4.3_Visualizar_Curso.htm
2.4.4_Editar_Curso.htm
2.4.5_Excluir_Curso.htm
2.5.1_Cadastrar_Usu_rio.htm
2.5.2_Pesquisar_Usu_rio.htm
2.5.3_Visualizar_Usu_rio.htm
2.5.4_Editar_Usu_rio.htm
2.5.5_Excluir_Usu_rio.htm
2.5.6_Ativar___Inativar_Usu_rio.htm
2.5.7_Visualizar_Hist_rico_Bolsista.htm
2._Login_de_Acesso.htm
2._Perfis_de_Acesso.htm
3.1.10_Visualizar_Hist_rico.htm
3.1.11_Notificar_cursistas_para_aval._curso.htm
3.1.1_Cadastrar_Turmas.htm
3.1.2_Pesquisar_Turma.htm
3.1.3_Visualizar_Turma.htm
3.1.4_Editar_Turma.htm
3.1.5_Excluir_Turma.htm
3.1Estrutura_do_Menu_.htm
3.2.1_Pesquisar_Avalia__o_Pedag_gica.htm
3.2.2_Visualizar_Avalia__o_Pedag_gica.htm
3.2.3_Avaliar_Cursista.htm
3.2.4_Finalizar_Turma.htm
3.4.1_Emitir_Certificado.htm
3.5.1_Paramentrizar_Documento.htm
3._Menu_do_Sistema.htm
4.1.1_Pesquisar_Bolsista.htm
4.1.2_Avaliar_Bolsista.htm
4.1.3_Solicitar_Homologacao.htm
4.1.4_Homologar_Turma.htm
4.1.5_Enviar_SGB.htm
4.1.6_Verificar_Pendencias.htm
5.1.1_Emitir_Relat_rio.htm
Apresenta__o.htm
SICE_1.htm
eHelp.xml
RoboHHRE.lng
SICE.glo
default.css
image13.gif
image27.jpg
image16.jpg
image3.jpg
Termo_aceite.jpg
Avaliar_Cursista.jpg
Visual_aval_pedagogica.jpg
Editar_Curso.jpg
editar.jpg
Cadastrar_Modulo.jpg
image14.gif
image28.jpg
image17.jpg
image4.jpg
notificar_cursista.JPG
Cadastrar_Editar_Turma.jpg
importante.JPG
Logo.jpg
image15.gif
image29.jpg
image5.jpg
image2.gif
image16.gif
image6.jpg
image3.gif
Notificar_curs_aval.jpg
Filtrar_Config.jpg
Confirmar_alteracao.jpg
image17.gif
image7.jpg
image4.gif
Finalizar_Turma.jpg
Visual_Turma.jpg
Abas.jpg
ListagemPeriVinc.jpg
image18.gif
image8.jpg
image5.gif
Verif_Pendencias.jpg
Visualizar_historico.JPG
Ativa_Desativa.jpg
image6.gif
verso_certificado.jpg
Mesorregiao_Municipio.jpg
image7.gif
Enviar_SGB.jpg
FiltrarUsu_rios.jpg
Cadastrar_Curso.jpg
image8.gif
Filtrar_modulo.jpg
image30.jpg
image9.gif
Avaliar_Bolsa.jpg
Result_Filtro_Aval_Pedago.jpg
image31.jpg
FiltroPeriodoVinc.jpg
Cadastro_Configura__o.png
Bot_o_Visualizar.jpg
Desativar.jpg
seta.JPG
image32.jpg
image21.jpg
image10.jpg
Result_Filtro_Usuario.jpg
Result_Filtro_Curso.jpg
Filtrar_Curso.jpg
excluirPV.jpg
aten_ao.JPG
image33.jpg
image22.jpg
image11.jpg
Solict_Homolog.jpg
Result_Filtro_Turma.jpg
Filtrar_Turma.jpg
image34.jpg
image12.jpg
Emitir_Certificado.JPG
Editar_modulo.jpg
excluir.jpg
Cadastro_Configura__o2.png
liberar_senha.jpg
login.jpg
image24.jpg
image13.jpg
image10.gif
Filtrar_Avaliacao.jpg
Cadastro_Configura__o3.png
Menu_Config.jpg
image36.jpg
image25.jpg
image14.jpg
image11.gif
Filtrar_Bolsas.jpg
CadastrarPV.jpg
image37.jpg
image12.gif
image26.jpg
image15.jpg
Homologar.jpg
Result_Filtro_Bolsas.jpg
Result_modulo.jpg
alterar_senha.jpg
Filtro_liberar_senha.jpg
default_ns.css
whxdata\whtdata0.xml
whxdata\whftdata0.xml
whxdata\whfwdata0.xml
whdata\whtdata0.htm
whdata\whftdata0.htm
whdata\whfwdata0.htm
SICE.htm
SICE_rhc.htm
