|SourceProjectName:SICE.hpr
|DestinationProjectName:SICE.htm
whhost.js
whmsg.js
whmozemu.js
whproxy.js
whstub.js
whutils.js
whver.js
whform.js
whphost.js
whstart.js
whtopic.js
whframes.js
whlang.js
whskin_info.htm
whskin_blank.htm
whskin_pickup.htm
whskin_homepage.htm
whskin_tw.htm
whnjs.htm
whthost.js
whtdhtml.htm
whihost.js
whibody.htm
whiform.htm
whfhost.js
whfbody.htm
whfform.htm
whghost.js
whgbody.htm
whgdhtml.htm
whgdef.htm
whproj.js
whproj.xml
whproj.htm
whxdata\whtoc.xml
whxdata\whidx.xml
whxdata\whfts.xml
whxdata\whglo.xml
whdata\whtoc.js
whdata\whtoc.htm
whdata\whtdata.js
whdata\whidx.js
whdata\whidx.htm
whdata\whidata.js
whdata\whfts.js
whdata\whfts.htm
whdata\whglo.js
whdata\whglo.htm
whdata\whgdata.js
whdata\whftdata.js
whdata\whfwdata.js
whres.xml
WebHelp.jar
WebHelp.cab
cshdat_robohelp.htm
wht_tab0.gif
wht_tab1.gif
wht_tab2.gif
wht_tab3.gif
wht_tab4.gif
wht_tab5.gif
wht_tab6.gif
wht_tab7.gif
wht_tab8.gif
wht_glo_h.gif
wht_glo_n.gif
wht_fts_h.gif
wht_fts_n.gif
wht_idx_h.gif
wht_idx_n.gif
wht_toc_h.gif
wht_toc_n.gif
wht_ws.gif
wht_ws_g.gif
wht_logo1.gif
wht_logo2.gif
wht_abgw.jpg
wht_abgi.jpg
wht_abge.jpg
wht_abtw.jpg
wht_abte.jpg
wht_abti.jpg
wht_spac.gif
wht_next.gif
wht_next_g.gif
wht_prev.gif
wht_prev_g.gif
wht_sync.gif
wht_hide.gif
wht_go.gif
whstart.ico
whestart.ico
whrstart.ico
whidhtml.htm
whfdhtml.htm
whskin_banner.htm
whtbar.js
whskin_pdhtml.htm
whskin_papplet.htm
whskin_plist.htm
whskin_tbars.htm
whskin_mbars.htm
wht_toc4.gif
wht_toc1.gif
wht_toc2.gif
wht_toc3.gif
whskin_frmset010.htm
whst_topics.xml
whskin_frmset01.htm
whskin_ep_ins.xml
whskin_ep_start.htm
SICE_hha.hhk
SICE.hhc
SICE.hhk
1.1_Liberar_senha.htm
1.2_Alterar_senha.htm
1._Acesso_P_blico.htm
2.5.2_Pesquisar_Usu_rio.htm
2.5.3_Visualizar_Usu_rio.htm
2.5.4_Editar_Usu_rio.htm
2.5.5_Excluir_Usu_rio.htm
2.5.6_Ativar___Inativar_Usu_rio.htm
2.5.7_Visualizar_Hist_rico_Bolsista.htm
2._Login_de_Acesso.htm
2._Perfis_de_Acesso.htm
3.1.10_Visualizar_Hist_rico.htm
3.1.11_Notificar_cursistas_para_aval._curso.htm
3.1.1_Cadastrar_Turmas.htm
3.1.2_Pesquisar_Turma.htm
3.1.3_Visualizar_Turma.htm
3.1.4_Editar_Turma.htm
3.1.5_Excluir_Turma.htm
3.1.6.1_Notificar_cursistas_moodle.htm
3.1.6_Gerar_arquivo_moodle.htm
3.1.7.1_Adicionar_cursistas.htm
3.1.7_Matricular_cursistas.htm
3.1.8_Solicitar_Autoriza__o.htm
3.1.9_Solicitar_cancelamento.htm
3.1Estrutura_do_Menu_.htm
3.2.1_Pesquisar_Avalia__o_Pedag_gica.htm
3.2.2_Visualizar_Avalia__o_Pedag_gica.htm
3.2.3_Avaliar_Cursista.htm
3.2.4_Finalizar_Turma.htm
3.2.5_Emitir_Certificado.htm
3._Menu_do_Sistema.htm
Apresenta__o.htm
eHelp.xml
RoboHHRE.lng
SICE.glo
default.css
image13.gif
image27.jpg
image14.gif
image28.jpg
image29.jpg
Visual_aval_pedagogica.jpg
Solicitar_Cancelamento.JPG
Cadastrar_Editar_Turma.jpg
Visual_Turma.jpg
Result_Filtro_Turma.jpg
Bot_o_Visualizar.jpg
img02.JPG
Ativa_Desativa.jpg
seta.JPG
Matricular_Cursista.jpg
editar.jpg
Finalizar_Turma.jpg
Result_Filtro_Aval_Pedago.jpg
Notificar_curs_aval.jpg
Filtrar_Turma.jpg
Visualizar_historico.JPG
image21.jpg
aten_ao.JPG
login.jpg
image33.jpg
Avaliar_Cursista.jpg
Remover_Cursista.jpg
image34.jpg
image23.jpg
arquivo_moodle.jpg
excluir.jpg
importante.JPG
image35.jpg
Filtrar_Avaliacao.jpg
excluirPV.jpg
Logo.jpg
Gerar_arquivo_moodle.jpg
image36.jpg
image25.jpg
download_Arquivo1.jpg
image12.gif
imagem.JPG
image26.jpg
default_ns.css
whxdata\whtdata0.xml
whxdata\whftdata0.xml
whxdata\whfwdata0.xml
whdata\whtdata0.htm
whdata\whftdata0.htm
whdata\whfwdata0.htm
SICE.htm
SICE_rhc.htm
